<?xml version="1.0" encoding="UTF-8"?>
<coverage generated="1695167393">
  <project timestamp="1695167393">
    <file name="/home/calmacil/Projects/SILS/sfbase/src/Entity/Interfaces/AnonymizableEntity.php">
      <metrics loc="24" ncloc="9" classes="0" methods="0" coveredmethods="0" conditionals="0" coveredconditionals="0" statements="0" coveredstatements="0" elements="0" coveredelements="0"/>
    </file>
    <file name="/home/calmacil/Projects/SILS/sfbase/src/Entity/User.php">
      <class name="App\Entity\User" namespace="global">
        <metrics complexity="22" methods="21" coveredmethods="0" conditionals="0" coveredconditionals="0" statements="32" coveredstatements="0" elements="53" coveredelements="0"/>
      </class>
      <line num="72" type="method" name="__construct" visibility="public" complexity="1" crap="2" count="0"/>
      <line num="74" type="stmt" count="0"/>
      <line num="77" type="method" name="getId" visibility="public" complexity="1" crap="2" count="0"/>
      <line num="79" type="stmt" count="0"/>
      <line num="82" type="method" name="getUsername" visibility="public" complexity="1" crap="2" count="0"/>
      <line num="84" type="stmt" count="0"/>
      <line num="87" type="method" name="setUsername" visibility="public" complexity="1" crap="2" count="0"/>
      <line num="89" type="stmt" count="0"/>
      <line num="91" type="stmt" count="0"/>
      <line num="99" type="method" name="getUserIdentifier" visibility="public" complexity="1" crap="2" count="0"/>
      <line num="101" type="stmt" count="0"/>
      <line num="110" type="method" name="getRoles" visibility="public" complexity="2" crap="6" count="0"/>
      <line num="113" type="stmt" count="0"/>
      <line num="114" type="stmt" count="0"/>
      <line num="115" type="stmt" count="0"/>
      <line num="118" type="stmt" count="0"/>
      <line num="124" type="method" name="getPassword" visibility="public" complexity="1" crap="2" count="0"/>
      <line num="126" type="stmt" count="0"/>
      <line num="129" type="method" name="setPassword" visibility="public" complexity="1" crap="2" count="0"/>
      <line num="131" type="stmt" count="0"/>
      <line num="133" type="stmt" count="0"/>
      <line num="139" type="method" name="eraseCredentials" visibility="public" complexity="1" crap="2" count="0"/>
      <line num="143" type="stmt" count="0"/>
      <line num="145" type="method" name="getFirstName" visibility="public" complexity="1" crap="2" count="0"/>
      <line num="147" type="stmt" count="0"/>
      <line num="150" type="method" name="setFirstName" visibility="public" complexity="1" crap="2" count="0"/>
      <line num="152" type="stmt" count="0"/>
      <line num="154" type="stmt" count="0"/>
      <line num="157" type="method" name="getLastName" visibility="public" complexity="1" crap="2" count="0"/>
      <line num="159" type="stmt" count="0"/>
      <line num="162" type="method" name="setLastName" visibility="public" complexity="1" crap="2" count="0"/>
      <line num="164" type="stmt" count="0"/>
      <line num="166" type="stmt" count="0"/>
      <line num="169" type="method" name="getCreatedAt" visibility="public" complexity="1" crap="2" count="0"/>
      <line num="171" type="stmt" count="0"/>
      <line num="174" type="method" name="setCreatedAt" visibility="public" complexity="1" crap="2" count="0"/>
      <line num="176" type="stmt" count="0"/>
      <line num="178" type="stmt" count="0"/>
      <line num="181" type="method" name="getUpdatedAt" visibility="public" complexity="1" crap="2" count="0"/>
      <line num="183" type="stmt" count="0"/>
      <line num="186" type="method" name="setUpdatedAt" visibility="public" complexity="1" crap="2" count="0"/>
      <line num="188" type="stmt" count="0"/>
      <line num="190" type="stmt" count="0"/>
      <line num="193" type="method" name="getDeletedAt" visibility="public" complexity="1" crap="2" count="0"/>
      <line num="195" type="stmt" count="0"/>
      <line num="198" type="method" name="setDeletedAt" visibility="public" complexity="1" crap="2" count="0"/>
      <line num="200" type="stmt" count="0"/>
      <line num="202" type="stmt" count="0"/>
      <line num="205" type="method" name="getIsAdmin" visibility="public" complexity="1" crap="2" count="0"/>
      <line num="207" type="stmt" count="0"/>
      <line num="210" type="method" name="setIsAdmin" visibility="public" complexity="1" crap="2" count="0"/>
      <line num="212" type="stmt" count="0"/>
      <line num="214" type="stmt" count="0"/>
      <metrics loc="217" ncloc="168" classes="1" methods="21" coveredmethods="0" conditionals="0" coveredconditionals="0" statements="32" coveredstatements="0" elements="53" coveredelements="0"/>
    </file>
    <file name="/home/calmacil/Projects/SILS/sfbase/src/Kernel.php">
      <class name="App\Kernel" namespace="global">
        <metrics complexity="0" methods="0" coveredmethods="0" conditionals="0" coveredconditionals="0" statements="0" coveredstatements="0" elements="0" coveredelements="0"/>
      </class>
      <metrics loc="12" ncloc="12" classes="0" methods="0" coveredmethods="0" conditionals="0" coveredconditionals="0" statements="0" coveredstatements="0" elements="0" coveredelements="0"/>
    </file>
    <file name="/home/calmacil/Projects/SILS/sfbase/src/Repository/UserRepository.php">
      <class name="App\Repository\UserRepository" namespace="global">
        <metrics complexity="3" methods="2" coveredmethods="1" conditionals="0" coveredconditionals="0" statements="6" coveredstatements="3" elements="8" coveredelements="4"/>
      </class>
      <line num="31" type="method" name="__construct" visibility="public" complexity="1" crap="1" count="1"/>
      <line num="33" type="stmt" count="1"/>
      <line num="44" type="method" name="upgradePassword" visibility="public" complexity="2" crap="2.86" count="1"/>
      <line num="46" type="stmt" count="1"/>
      <line num="47" type="stmt" count="1"/>
      <line num="50" type="stmt" count="0"/>
      <line num="51" type="stmt" count="0"/>
      <line num="52" type="stmt" count="0"/>
      <metrics loc="55" ncloc="30" classes="1" methods="2" coveredmethods="1" conditionals="0" coveredconditionals="0" statements="6" coveredstatements="3" elements="8" coveredelements="4"/>
    </file>
    <metrics files="4" loc="308" ncloc="219" classes="2" methods="23" coveredmethods="1" conditionals="0" coveredconditionals="0" statements="38" coveredstatements="3" elements="61" coveredelements="4"/>
  </project>
</coverage>
